<?xml version="1.0" encoding="UTF-8"?>
<testng-results ignored="0" total="1" passed="1" failed="0" skipped="0">
  <reporter-output>
  </reporter-output>
  <suite started-at="2023-07-04T20:38:06 IST" name="Default suite" finished-at="2023-07-04T20:38:13 IST" duration-ms="6864">
    <groups>
    </groups>
    <test started-at="2023-07-04T20:38:06 IST" name="Default test" finished-at="2023-07-04T20:38:13 IST" duration-ms="6864">
      <class name="testngprogram.VerifyTitle">
        <test-method is-config="true" signature="launchApplication()[pri:0, instance:testngprogram.VerifyTitle@4afcd809]" started-at="2023-07-04T20:38:06 IST" name="launchApplication" finished-at="2023-07-04T20:38:13 IST" duration-ms="6318" status="PASS">
          <reporter-output>
          </reporter-output>
        </test-method> <!-- launchApplication -->
        <test-method signature="verifyTheTitle()[pri:0, instance:testngprogram.VerifyTitle@4afcd809]" started-at="2023-07-04T20:38:13 IST" name="verifyTheTitle" finished-at="2023-07-04T20:38:13 IST" duration-ms="54" status="PASS">
          <reporter-output>
          </reporter-output>
        </test-method> <!-- verifyTheTitle -->
        <test-method is-config="true" signature="closeBrowser()[pri:0, instance:testngprogram.VerifyTitle@4afcd809]" started-at="2023-07-04T20:38:13 IST" name="closeBrowser" finished-at="2023-07-04T20:38:13 IST" duration-ms="448" status="PASS">
          <reporter-output>
          </reporter-output>
        </test-method> <!-- closeBrowser -->
      </class> <!-- testngprogram.VerifyTitle -->
    </test> <!-- Default test -->
  </suite> <!-- Default suite -->
</testng-results>
